<?xml version="1.0" encoding="UTF-8"?>
<!-- Generated by org.testng.reporters.JUnitReportReporter -->
<testsuite skipped="0" hostname="ThinkPad" name="com.automation.testsuite.WomenCategoryPageTest" tests="5" failures="0" timestamp="2022-05-10T22:22:38 BST" time="66.219" errors="0">
  <testcase name="verifyUserShouldAddProductToTheCartSuccessfully" time="12.082" classname="com.automation.testsuite.WomenCategoryPageTest"/>
  <system-out/>
  <testcase name="verifyUserShouldAddProductToTheCartSuccessfully" time="11.587" classname="com.automation.testsuite.WomenCategoryPageTest"/>
  <system-out/>
  <testcase name="verifyUserShouldAddProductToTheCartSuccessfully" time="12.269" classname="com.automation.testsuite.WomenCategoryPageTest"/>
  <system-out/>
  <testcase name="verifyUserShouldAddProductToTheCartSuccessfully" time="20.873" classname="com.automation.testsuite.WomenCategoryPageTest"/>
  <system-out/>
  <testcase name="verifyUserShouldNavigateToWomenCategoryPageSuccessfully" time="9.408" classname="com.automation.testsuite.WomenCategoryPageTest"/>
  <system-out/>
</testsuite> <!-- com.automation.testsuite.WomenCategoryPageTest -->
