<?xml version="1.0" encoding="UTF-8"?>
<!-- Generated by org.testng.reporters.JUnitReportReporter -->
<testsuite skipped="0" hostname="ThinkPad" name="com.automation.testsuite.SignInPageTest" tests="7" failures="0" timestamp="2022-05-10T22:22:38 BST" time="65.924" errors="0">
  <testcase name="userShouldNavigateToSignInPageSuccessFully" time="7.813" classname="com.automation.testsuite.SignInPageTest"/>
  <system-out/>
  <testcase name="verifyThatUserShouldLogInSuccessFullyWithValidCredentials" time="10.234" classname="com.automation.testsuite.SignInPageTest"/>
  <system-out/>
  <testcase name="verifyTheErrorMessageWithInValidCredentials" time="7.429" classname="com.automation.testsuite.SignInPageTest"/>
  <system-out/>
  <testcase name="verifyTheErrorMessageWithInValidCredentials" time="10.090" classname="com.automation.testsuite.SignInPageTest"/>
  <system-out/>
  <testcase name="verifyTheErrorMessageWithInValidCredentials" time="7.992" classname="com.automation.testsuite.SignInPageTest"/>
  <system-out/>
  <testcase name="verifyTheErrorMessageWithInValidCredentials" time="6.923" classname="com.automation.testsuite.SignInPageTest"/>
  <system-out/>
  <testcase name="VerifyThatUserShouldLogOutSuccessFully" time="15.443" classname="com.automation.testsuite.SignInPageTest"/>
  <system-out/>
</testsuite> <!-- com.automation.testsuite.SignInPageTest -->
