<?xml version="1.0" encoding="UTF-8"?>
<!-- Generated by org.testng.reporters.JUnitReportReporter -->
<testsuite skipped="0" hostname="ThinkPad" name="com.automation.testsuite.CreateAccountPageTest" tests="1" failures="0" timestamp="2022-05-10T22:22:38 BST" time="17.680" errors="0">
  <testcase name="verifyThatUserShouldCreateAccountSuccessfully" time="17.680" classname="com.automation.testsuite.CreateAccountPageTest"/>
  <system-out/>
</testsuite> <!-- com.automation.testsuite.CreateAccountPageTest -->
